<?xml version="1.0" encoding="UTF-8"?>
<testsuite xmlns:xsi="http://www.w3.org/2001/XMLSchema-instance" xsi:noNamespaceSchemaLocation="https://maven.apache.org/surefire/maven-surefire-plugin/xsd/surefire-test-report-3.0.xsd" version="3.0" name="com.whatsappbot.service.MessageServiceTest" time="0.223" tests="5" errors="0" skipped="0" failures="0">
  <properties>
[...]
</properties>
  <testcase name="testHiReturnsHello" classname="com.whatsappbot.service.MessageServiceTest" time="0.155">
    <system-out><![CDATA[2026-04-05T11:37:40.252+05:30  INFO 21332 --- [whatsapp-bot] [           main] com.whatsappbot.service.MessageService   : incoming_message timestamp=2026-04-05T06:07:40.252829400Z from=919999999999 message="hi" reply="Hello!"
]]></system-out>
  </testcase>
  <testcase name="testByeReturnsGoodbye" classname="com.whatsappbot.service.MessageServiceTest" time="0.027">
    <system-out><![CDATA[2026-04-05T11:37:40.279+05:30  INFO 21332 --- [whatsapp-bot] [           main] com.whatsappbot.service.MessageService   : incoming_message timestamp=2026-04-05T06:07:40.279252400Z from=919999999999 message="bye" reply="Goodbye!"
]]></system-out>
  </testcase>
  <testcase name="testCaseInsensitive" classname="com.whatsappbot.service.MessageServiceTest" time="0.006">
    <system-out><![CDATA[2026-04-05T11:37:40.301+05:30  INFO 21332 --- [whatsapp-bot] [           main] com.whatsappbot.service.MessageService   : incoming_message timestamp=2026-04-05T06:07:40.301108900Z from=919999999999 message="HI" reply="Hello!"
2026-04-05T11:37:40.301+05:30  INFO 21332 --- [whatsapp-bot] [           main] com.whatsappbot.service.MessageService   : incoming_message timestamp=2026-04-05T06:07:40.301108900Z from=919999999999 message="hi" reply="Hello!"
]]></system-out>
  </testcase>
  <testcase name="testUnknownReturnsDefault" classname="com.whatsappbot.service.MessageServiceTest" time="0.009">
    <system-out><![CDATA[2026-04-05T11:37:40.310+05:30  INFO 21332 --- [whatsapp-bot] [           main] com.whatsappbot.service.MessageService   : incoming_message timestamp=2026-04-05T06:07:40.310460500Z from=919999999999 message="xyz" reply="I didn't understand that"
]]></system-out>
  </testcase>
  <testcase name="testNullMessageHandled" classname="com.whatsappbot.service.MessageServiceTest" time="0.015">
    <system-out><![CDATA[2026-04-05T11:37:40.325+05:30  INFO 21332 --- [whatsapp-bot] [           main] com.whatsappbot.service.MessageService   : incoming_message timestamp=2026-04-05T06:07:40.325637100Z from=919999999999 message="null" reply="I didn't understand that"
]]></system-out>
  </testcase>
</testsuite>