<?xml version="1.0" encoding="UTF-8"?>
<testsuite xmlns:xsi="http://www.w3.org/2001/XMLSchema-instance" xsi:noNamespaceSchemaLocation="https://maven.apache.org/surefire/maven-surefire-plugin/xsd/surefire-test-report-3.0.xsd" version="3.0" name="com.whatsappbot.controller.WebhookControllerTest" time="6.098" tests="3" errors="0" skipped="0" failures="0">
  <properties>
[...]
</properties>
  <testcase name="testMissingFromFieldReturns400" classname="com.whatsappbot.controller.WebhookControllerTest" time="0.483">
    <system-out><![CDATA[11:37:34.229 [main] INFO org.springframework.test.context.support.AnnotationConfigContextLoaderUtils -- Could not detect default configuration classes for test class [com.whatsappbot.controller.WebhookControllerTest]: WebhookControllerTest does not declare any static, non-private, non-final, nested classes annotated with @Configuration.
11:37:34.427 [main] INFO org.springframework.boot.test.context.SpringBootTestContextBootstrapper -- Found @SpringBootConfiguration com.whatsappbot.WhatsappBotApplication for test class com.whatsappbot.controller.WebhookControllerTest

  .   ____          _            __ _ _
 /\\ / ___'_ __ _ _(_)_ __  __ _ \ \ \ \
( ( )\___ | '_ | '_| | '_ \/ _` | \ \ \ \
 \\/  ___)| |_)| | | | | || (_| |  ) ) ) )
  '  |____| .__|_| |_|_| |_\__, | / / / /
 =========|_|==============|___/=/_/_/_/

 :: Spring Boot ::                (v3.3.5)

2026-04-05T11:37:34.916+05:30  INFO 21332 --- [whatsapp-bot] [           main] c.w.controller.WebhookControllerTest     : Starting WebhookControllerTest using Java 21.0.9 with PID 21332 (started by parth in C:\Users\parth\Desktop\DevDesktop\Internship_Tasks\jarurat_care_task)
2026-04-05T11:37:34.916+05:30  INFO 21332 --- [whatsapp-bot] [           main] c.w.controller.WebhookControllerTest     : No active profile set, falling back to 1 default profile: "default"
2026-04-05T11:37:38.857+05:30  INFO 21332 --- [whatsapp-bot] [           main] o.s.b.t.m.w.SpringBootMockServletContext : Initializing Spring TestDispatcherServlet ''
2026-04-05T11:37:38.857+05:30  INFO 21332 --- [whatsapp-bot] [           main] o.s.t.web.servlet.TestDispatcherServlet  : Initializing Servlet ''
2026-04-05T11:37:38.873+05:30  INFO 21332 --- [whatsapp-bot] [           main] o.s.b.a.e.web.EndpointLinksResolver      : Exposing 2 endpoints beneath base path '/actuator'
2026-04-05T11:37:38.904+05:30  INFO 21332 --- [whatsapp-bot] [           main] o.s.t.web.servlet.TestDispatcherServlet  : Completed initialization in 41 ms
2026-04-05T11:37:39.041+05:30  INFO 21332 --- [whatsapp-bot] [           main] c.w.controller.WebhookControllerTest     : Started WebhookControllerTest in 4.43 seconds (process running for 5.686)
]]></system-out>
    <system-err><![CDATA[WARNING: A Java agent has been loaded dynamically (C:\Users\parth\.m2\repository\net\bytebuddy\byte-buddy-agent\1.14.19\byte-buddy-agent-1.14.19.jar)
WARNING: If a serviceability tool is in use, please run with -XX:+EnableDynamicAgentLoading to hide this warning
WARNING: If a serviceability tool is not in use, please run with -Djdk.instrument.traceUsage for more information
WARNING: Dynamic loading of agents will be disallowed by default in a future release
]]></system-err>
  </testcase>
  <testcase name="testValidRequestReturns200" classname="com.whatsappbot.controller.WebhookControllerTest" time="0.197"/>
  <testcase name="testEmptyBodyReturns400" classname="com.whatsappbot.controller.WebhookControllerTest" time="0.025"/>
</testsuite>